<?xml version="1.0" encoding="UTF-8" ?>
<testsuite failures="0" time="0.002" errors="0" skipped="0" tests="1" name="org.qq120011676.snow.util.StringUtilsTest">
  <properties>
    <property name="java.runtime.name" value="Java(TM) SE Runtime Environment"/>
    <property name="sun.boot.library.path" value="C:\Program Files\Java\jdk1.7.0_05\jre\bin"/>
    <property name="java.vm.version" value="23.1-b03"/>
    <property name="user.country.format" value="CN"/>
    <property name="java.vm.vendor" value="Oracle Corporation"/>
    <property name="java.vendor.url" value="http://java.oracle.com/"/>
    <property name="path.separator" value=";"/>
    <property name="java.vm.name" value="Java HotSpot(TM) 64-Bit Server VM"/>
    <property name="file.encoding.pkg" value="sun.io"/>
    <property name="user.script" value=""/>
    <property name="user.country" value="US"/>
    <property name="sun.java.launcher" value="SUN_STANDARD"/>
    <property name="sun.os.patch.level" value="Service Pack 1"/>
    <property name="java.vm.specification.name" value="Java Virtual Machine Specification"/>
    <property name="user.dir" value="E:\workspace\snow\snow"/>
    <property name="java.runtime.version" value="1.7.0_05-b06"/>
    <property name="java.awt.graphicsenv" value="sun.awt.Win32GraphicsEnvironment"/>
    <property name="basedir" value="E:\workspace\snow\snow"/>
    <property name="java.endorsed.dirs" value="C:\Program Files\Java\jdk1.7.0_05\jre\lib\endorsed"/>
    <property name="os.arch" value="amd64"/>
    <property name="surefire.real.class.path" value="E:\workspace\snow\snow\target\surefire\surefirebooter687634340416563260.jar"/>
    <property name="java.io.tmpdir" value="C:\Users\ADMINI~1\AppData\Local\Temp\"/>
    <property name="line.separator" value="
"/>
    <property name="java.vm.specification.vendor" value="Oracle Corporation"/>
    <property name="user.variant" value=""/>
    <property name="os.name" value="Windows 7"/>
    <property name="sun.jnu.encoding" value="GBK"/>
    <property name="java.library.path" value="C:\Program Files\Java\jdk1.7.0_05\jre\bin;C:\Windows\Sun\Java\bin;C:\Windows\system32;C:\Windows;C:/Program Files/Java/jdk1.7.0_05/bin/../jre/bin/server;C:/Program Files/Java/jdk1.7.0_05/bin/../jre/bin;C:/Program Files/Java/jdk1.7.0_05/bin/../jre/lib/amd64;C:\Windows\system32;C:\Windows;C:\Windows\System32\Wbem;C:\Windows\System32\WindowsPowerShell\v1.0\;C:\Program Files (x86)\EgisTec BioExcess\;C:\Program Files (x86)\EgisTec BioExcess\x64;C:\Program Files\Intel\WiFi\bin\;C:\Program Files\Common Files\Intel\WirelessCommon\;C:\Program Files\Java\jdk1.7.0_05\bin;C:\Program Files\Java\jdk1.7.0_05\bin\tools.jar;D:\SecureCRT\;D:\apache-maven-3.0.4\bin;D:\SlikSvn\bin;D:\android-sdks\platform-tools;D:\android-sdks\tools;D:\gradle-1.2\bin;D:\apache-jmeter-2.8\bin;E:\git;C:\Program Files\Intel\WiFi\bin\;C:\Program Files\Common Files\Intel\WirelessCommon\;D:\SSH Secure Shell;D:\eclipse;;."/>
    <property name="surefire.test.class.path" value="E:\workspace\snow\snow\target\test-classes;E:\workspace\snow\snow\target\classes;D:\.m2\repository\junit\junit\4.10\junit-4.10.jar;D:\.m2\repository\org\hamcrest\hamcrest-core\1.1\hamcrest-core-1.1.jar;D:\.m2\repository\org\springframework\spring-webmvc\3.1.2.RELEASE\spring-webmvc-3.1.2.RELEASE.jar;D:\.m2\repository\org\springframework\spring-asm\3.1.2.RELEASE\spring-asm-3.1.2.RELEASE.jar;D:\.m2\repository\org\springframework\spring-beans\3.1.2.RELEASE\spring-beans-3.1.2.RELEASE.jar;D:\.m2\repository\org\springframework\spring-context\3.1.2.RELEASE\spring-context-3.1.2.RELEASE.jar;D:\.m2\repository\org\springframework\spring-context-support\3.1.2.RELEASE\spring-context-support-3.1.2.RELEASE.jar;D:\.m2\repository\org\springframework\spring-core\3.1.2.RELEASE\spring-core-3.1.2.RELEASE.jar;D:\.m2\repository\commons-logging\commons-logging\1.1.1\commons-logging-1.1.1.jar;D:\.m2\repository\org\springframework\spring-expression\3.1.2.RELEASE\spring-expression-3.1.2.RELEASE.jar;D:\.m2\repository\org\springframework\spring-web\3.1.2.RELEASE\spring-web-3.1.2.RELEASE.jar;D:\.m2\repository\org\springframework\spring-jdbc\3.1.2.RELEASE\spring-jdbc-3.1.2.RELEASE.jar;D:\.m2\repository\org\springframework\spring-tx\3.1.2.RELEASE\spring-tx-3.1.2.RELEASE.jar;D:\.m2\repository\org\freemarker\freemarker\2.3.19\freemarker-2.3.19.jar;D:\.m2\repository\org\springframework\security\spring-security-core\3.1.1.RELEASE\spring-security-core-3.1.1.RELEASE.jar;D:\.m2\repository\org\springframework\spring-aop\3.0.7.RELEASE\spring-aop-3.0.7.RELEASE.jar;D:\.m2\repository\aopalliance\aopalliance\1.0\aopalliance-1.0.jar;D:\.m2\repository\org\apache\tomcat\tomcat-api\7.0.29\tomcat-api-7.0.29.jar;D:\.m2\repository\org\apache\tomcat\tomcat-servlet-api\7.0.29\tomcat-servlet-api-7.0.29.jar;D:\.m2\repository\org\springframework\spring-test\3.1.2.RELEASE\spring-test-3.1.2.RELEASE.jar;D:\.m2\repository\org\aspectj\aspectjweaver\1.7.0\aspectjweaver-1.7.0.jar;D:\.m2\repository\mysql\mysql-connector-java\5.1.21\mysql-connector-java-5.1.21.jar;D:\.m2\repository\org\apache\directory\studio\org.dom4j.dom4j\1.6.1\org.dom4j.dom4j-1.6.1.jar;D:\.m2\repository\dom4j\dom4j\1.6.1\dom4j-1.6.1.jar;D:\.m2\repository\org\json\org.json\chargebee-1.0\org.json-chargebee-1.0.jar;D:\.m2\repository\javax\servlet\javax.servlet-api\3.1-b02\javax.servlet-api-3.1-b02.jar;D:\.m2\repository\javax\servlet\jsp-api\2.0\jsp-api-2.0.jar;D:\.m2\repository\javax\servlet\servlet-api\2.4\servlet-api-2.4.jar;"/>
    <property name="java.specification.name" value="Java Platform API Specification"/>
    <property name="java.class.version" value="51.0"/>
    <property name="sun.management.compiler" value="HotSpot 64-Bit Tiered Compilers"/>
    <property name="os.version" value="6.1"/>
    <property name="user.home" value="C:\Users\Administrator"/>
    <property name="user.timezone" value="Asia/Shanghai"/>
    <property name="java.awt.printerjob" value="sun.awt.windows.WPrinterJob"/>
    <property name="java.specification.version" value="1.7"/>
    <property name="file.encoding" value="GBK"/>
    <property name="user.name" value="Administrator"/>
    <property name="java.class.path" value="E:\workspace\snow\snow\target\test-classes;E:\workspace\snow\snow\target\classes;D:\.m2\repository\junit\junit\4.10\junit-4.10.jar;D:\.m2\repository\org\hamcrest\hamcrest-core\1.1\hamcrest-core-1.1.jar;D:\.m2\repository\org\springframework\spring-webmvc\3.1.2.RELEASE\spring-webmvc-3.1.2.RELEASE.jar;D:\.m2\repository\org\springframework\spring-asm\3.1.2.RELEASE\spring-asm-3.1.2.RELEASE.jar;D:\.m2\repository\org\springframework\spring-beans\3.1.2.RELEASE\spring-beans-3.1.2.RELEASE.jar;D:\.m2\repository\org\springframework\spring-context\3.1.2.RELEASE\spring-context-3.1.2.RELEASE.jar;D:\.m2\repository\org\springframework\spring-context-support\3.1.2.RELEASE\spring-context-support-3.1.2.RELEASE.jar;D:\.m2\repository\org\springframework\spring-core\3.1.2.RELEASE\spring-core-3.1.2.RELEASE.jar;D:\.m2\repository\commons-logging\commons-logging\1.1.1\commons-logging-1.1.1.jar;D:\.m2\repository\org\springframework\spring-expression\3.1.2.RELEASE\spring-expression-3.1.2.RELEASE.jar;D:\.m2\repository\org\springframework\spring-web\3.1.2.RELEASE\spring-web-3.1.2.RELEASE.jar;D:\.m2\repository\org\springframework\spring-jdbc\3.1.2.RELEASE\spring-jdbc-3.1.2.RELEASE.jar;D:\.m2\repository\org\springframework\spring-tx\3.1.2.RELEASE\spring-tx-3.1.2.RELEASE.jar;D:\.m2\repository\org\freemarker\freemarker\2.3.19\freemarker-2.3.19.jar;D:\.m2\repository\org\springframework\security\spring-security-core\3.1.1.RELEASE\spring-security-core-3.1.1.RELEASE.jar;D:\.m2\repository\org\springframework\spring-aop\3.0.7.RELEASE\spring-aop-3.0.7.RELEASE.jar;D:\.m2\repository\aopalliance\aopalliance\1.0\aopalliance-1.0.jar;D:\.m2\repository\org\apache\tomcat\tomcat-api\7.0.29\tomcat-api-7.0.29.jar;D:\.m2\repository\org\apache\tomcat\tomcat-servlet-api\7.0.29\tomcat-servlet-api-7.0.29.jar;D:\.m2\repository\org\springframework\spring-test\3.1.2.RELEASE\spring-test-3.1.2.RELEASE.jar;D:\.m2\repository\org\aspectj\aspectjweaver\1.7.0\aspectjweaver-1.7.0.jar;D:\.m2\repository\mysql\mysql-connector-java\5.1.21\mysql-connector-java-5.1.21.jar;D:\.m2\repository\org\apache\directory\studio\org.dom4j.dom4j\1.6.1\org.dom4j.dom4j-1.6.1.jar;D:\.m2\repository\dom4j\dom4j\1.6.1\dom4j-1.6.1.jar;D:\.m2\repository\org\json\org.json\chargebee-1.0\org.json-chargebee-1.0.jar;D:\.m2\repository\javax\servlet\javax.servlet-api\3.1-b02\javax.servlet-api-3.1-b02.jar;D:\.m2\repository\javax\servlet\jsp-api\2.0\jsp-api-2.0.jar;D:\.m2\repository\javax\servlet\servlet-api\2.4\servlet-api-2.4.jar;"/>
    <property name="java.vm.specification.version" value="1.7"/>
    <property name="sun.arch.data.model" value="64"/>
    <property name="java.home" value="C:\Program Files\Java\jdk1.7.0_05\jre"/>
    <property name="sun.java.command" value="E:\workspace\snow\snow\target\surefire\surefirebooter687634340416563260.jar E:\workspace\snow\snow\target\surefire\surefire6244761576191757533tmp E:\workspace\snow\snow\target\surefire\surefire6728429612233672095tmp"/>
    <property name="java.specification.vendor" value="Oracle Corporation"/>
    <property name="user.language" value="en"/>
    <property name="user.language.format" value="zh"/>
    <property name="awt.toolkit" value="sun.awt.windows.WToolkit"/>
    <property name="java.vm.info" value="mixed mode"/>
    <property name="java.version" value="1.7.0_05"/>
    <property name="java.ext.dirs" value="C:\Program Files\Java\jdk1.7.0_05\jre\lib\ext;C:\Windows\Sun\Java\lib\ext"/>
    <property name="sun.boot.class.path" value="C:\Program Files\Java\jdk1.7.0_05\jre\lib\resources.jar;C:\Program Files\Java\jdk1.7.0_05\jre\lib\rt.jar;C:\Program Files\Java\jdk1.7.0_05\jre\lib\sunrsasign.jar;C:\Program Files\Java\jdk1.7.0_05\jre\lib\jsse.jar;C:\Program Files\Java\jdk1.7.0_05\jre\lib\jce.jar;C:\Program Files\Java\jdk1.7.0_05\jre\lib\charsets.jar;C:\Program Files\Java\jdk1.7.0_05\jre\lib\jfr.jar;C:\Program Files\Java\jdk1.7.0_05\jre\classes"/>
    <property name="java.vendor" value="Oracle Corporation"/>
    <property name="localRepository" value="D:\.m2\repository"/>
    <property name="file.separator" value="\"/>
    <property name="java.vendor.url.bug" value="http://bugreport.sun.com/bugreport/"/>
    <property name="sun.cpu.endian" value="little"/>
    <property name="sun.io.unicode.encoding" value="UnicodeLittle"/>
    <property name="sun.desktop" value="windows"/>
    <property name="sun.cpu.isalist" value="amd64"/>
  </properties>
  <testcase time="0.001" classname="org.qq120011676.snow.util.StringUtilsTest" name="test"/>
</testsuite>